<?xml version="1.0" encoding="UTF-8"?>
<!-- Generated by org.testng.reporters.JUnitXMLReporter -->
<testsuite ignored="2" hostname="EPBYMINW4106" failures="0" tests="10" name="Paste and run the code" time="6.978" errors="0" timestamp="30 May 2019 16:33:44 GMT">
  <testcase classname="test.IdeoneHomePageTest" name="checkThatTheHomePageOpen" time="0.029"/>
  <testcase classname="test.IdeoneHomePageTest" name="checkResultOfSwitchingLanguage" time="0.324"/>
  <testcase classname="test.IdeoneHomePageTest" name="pasteCodeInEditor" time="1.316"/>
  <testcase classname="test.IdeoneHomePageTest" name="clickOnStdinButton" time="0.689"/>
  <testcase classname="test.IdeoneHomePageTest" name="PasteTextInStdin" time="0.196"/>
  <testcase classname="test.IdeoneHomePageTest" name="runCodeAndWaitForResultPageToLoad" time="2.627"/>
  <testcase classname="test.IdeoneResultsPageTest" name="checkStatusOfYourCodeAfterRun" time="1.712"/>
  <testcase classname="test.IdeoneResultsPageTest" name="checkStdinInResultsEqualsStdinInHome" time="0.037"/>
  <testcase classname="test.IdeoneResultsPageTest" name="checkStdoutInResultsEqualsStdinHome" time="0.032"/>
  <testcase classname="test.IdeoneResultsPageTest" name="checkResultsPageTitleContainsIdeone" time="0.0"/>
  <testcase classname="test.BaseTest" name="@AfterSuite shutdown" time="0.0">
    <ignored/>
  </testcase> <!-- @AfterSuite shutdown -->
  <testcase classname="test.BaseTest" name="@BeforeSuite setup" time="0.0">
    <ignored/>
  </testcase> <!-- @BeforeSuite setup -->
</testsuite> <!-- Paste and run the code -->
